Using pre-set license
Built from '2020.3/staging' branch; Version is '2020.3.21f1 (a38c86f6690f) revision 10718342'; Using compiler version '192528614'; Build Type 'Release'
OS: 'Windows 10 Pro; OS build 19042.1348; Version 2009; 64bit' Language: 'ko' Physical Memory: 8109 MB
BatchMode: 1, IsHumanControllingUs: 0, StartBugReporterOnCrash: 0, Is64bit: 1, IsPro: 0

COMMAND LINE ARGUMENTS:
C:\Program Files\Unity\Hub\Editor\2020.3.21f1\Editor\Unity.exe
-adb2
-batchMode
-noUpm
-name
AssetImportWorker0
-projectPath
C:/Users/yhyel/OneDrive/바탕 화면/yanghyelin/unityproj
-logFile
Logs/AssetImportWorker0.log
-srvPort
7137
Successfully changed project path to: C:/Users/yhyel/OneDrive/바탕 화면/yanghyelin/unityproj
C:/Users/yhyel/OneDrive/바탕 화면/yanghyelin/unityproj
Using Asset Import Pipeline V2.
Refreshing native plugins compatible for Editor in 227.63 ms, found 3 plugins.
Preloading 0 native plugins for Editor in 0.00 ms.
Initialize engine version: 2020.3.21f1 (a38c86f6690f)
[Subsystems] Discovering subsystems at path C:/Program Files/Unity/Hub/Editor/2020.3.21f1/Editor/Data/Resources/UnitySubsystems
[Subsystems] Discovering subsystems at path C:/Users/yhyel/OneDrive/바탕 화면/yanghyelin/unityproj/Assets
GfxDevice: creating device client; threaded=0
Direct3D:
    Version:  Direct3D 11.0 [level 11.1]
    Renderer: Intel(R) HD Graphics 620 (ID=0x5916)
    Vendor:   
    VRAM:     4054 MB
    Driver:   27.20.100.8682
Initialize mono
Mono path[0] = 'C:/Program Files/Unity/Hub/Editor/2020.3.21f1/Editor/Data/Managed'
Mono path[1] = 'C:/Program Files/Unity/Hub/Editor/2020.3.21f1/Editor/Data/MonoBleedingEdge/lib/mono/unityjit'
Mono config path = 'C:/Program Files/Unity/Hub/Editor/2020.3.21f1/Editor/Data/MonoBleedingEdge/etc'
Using monoOptions --debugger-agent=transport=dt_socket,embedding=1,server=y,suspend=n,address=127.0.0.1:56388
Begin MonoManager ReloadAssembly
Registering precompiled unity dll's ...
Register platform support module: C:/Program Files/Unity/Hub/Editor/2020.3.21f1/Editor/Data/PlaybackEngines/WindowsStandaloneSupport/UnityEditor.WindowsStandalone.Extensions.dll
Registered in 0.015014 seconds.
Native extension for WindowsStandalone target not found
Refreshing native plugins compatible for Editor in 270.55 ms, found 3 plugins.
Preloading 0 native plugins for Editor in 0.00 ms.
Mono: successfully reloaded assembly
- Completed reload, in  7.984 seconds
Domain Reload Profiling:
	ReloadAssembly (7985ms)
		BeginReloadAssembly (231ms)
			ExecutionOrderSort (0ms)
			DisableScriptedObjects (0ms)
			BackupInstance (0ms)
			ReleaseScriptingObjects (0ms)
			CreateAndSetChildDomain (2ms)
		EndReloadAssembly (1411ms)
			LoadAssemblies (222ms)
			RebuildTransferFunctionScriptingTraits (0ms)
			SetupTypeCache (396ms)
			ReleaseScriptCaches (0ms)
			RebuildScriptCaches (127ms)
			SetupLoadedEditorAssemblies (579ms)
				LogAssemblyErrors (0ms)
				InitializePlatformSupportModulesInManaged (19ms)
				SetLoadedEditorAssemblies (1ms)
				RefreshPlugins (271ms)
				BeforeProcessingInitializeOnLoad (26ms)
				ProcessInitializeOnLoadAttributes (192ms)
				ProcessInitializeOnLoadMethodAttributes (70ms)
				AfterProcessingInitializeOnLoad (0ms)
				EditorAssembliesLoaded (0ms)
			ExecutionOrderSort2 (0ms)
			AwakeInstancesAfterBackupRestoration (0ms)
Platform modules already initialized, skipping
Registering precompiled user dll's ...
Registered in 0.048660 seconds.
Begin MonoManager ReloadAssembly
Symbol file LoadedFromMemory doesn't match image C:\Users\yhyel\OneDrive\바탕 화면\yanghyelin\unityproj\Library\PackageCache\com.unity.visualscripting@1.6.1\Editor\VisualScripting.Core\Dependencies\YamlDotNet\Unity.VisualScripting.YamlDotNet.dll
Symbol file LoadedFromMemory doesn't match image C:\Users\yhyel\OneDrive\바탕 화면\yanghyelin\unityproj\Library\PackageCache\com.unity.visualscripting@1.6.1\Editor\VisualScripting.Core\Dependencies\DotNetZip\Unity.VisualScripting.IonicZip.dll
Native extension for WindowsStandalone target not found
Refreshing native plugins compatible for Editor in 274.85 ms, found 3 plugins.
Preloading 0 native plugins for Editor in 0.00 ms.
Mono: successfully reloaded assembly
- Completed reload, in  3.816 seconds
Domain Reload Profiling:
	ReloadAssembly (3821ms)
		BeginReloadAssembly (465ms)
			ExecutionOrderSort (0ms)
			DisableScriptedObjects (10ms)
			BackupInstance (0ms)
			ReleaseScriptingObjects (0ms)
			CreateAndSetChildDomain (44ms)
		EndReloadAssembly (3150ms)
			LoadAssemblies (426ms)
			RebuildTransferFunctionScriptingTraits (0ms)
			SetupTypeCache (1022ms)
			ReleaseScriptCaches (1ms)
			RebuildScriptCaches (166ms)
			SetupLoadedEditorAssemblies (1246ms)
				LogAssemblyErrors (0ms)
				InitializePlatformSupportModulesInManaged (8ms)
				SetLoadedEditorAssemblies (0ms)
				RefreshPlugins (275ms)
				BeforeProcessingInitializeOnLoad (229ms)
				ProcessInitializeOnLoadAttributes (690ms)
				ProcessInitializeOnLoadMethodAttributes (10ms)
				AfterProcessingInitializeOnLoad (33ms)
				EditorAssembliesLoaded (1ms)
			ExecutionOrderSort2 (0ms)
			AwakeInstancesAfterBackupRestoration (22ms)
Platform modules already initialized, skipping
========================================================================
Worker process is ready to serve import requests
Launched and connected shader compiler UnityShaderCompiler.exe after 0.43 seconds
Refreshing native plugins compatible for Editor in 1.54 ms, found 3 plugins.
Preloading 0 native plugins for Editor in 0.00 ms.
Unloading 3379 Unused Serialized files (Serialized files now loaded: 0)
System memory in use before: 131.0 MB.
System memory in use after: 130.9 MB.

Unloading 24 unused Assets to reduce memory usage. Loaded Objects now: 3823.
Total: 7.423200 ms (FindLiveObjects: 0.589900 ms CreateObjectMapping: 0.343100 ms MarkObjects: 5.955400 ms  DeleteObjects: 0.532600 ms)

AssetImportParameters requested are different than current active one (requested -> active):
  custom:framework-win-MediaFoundation: 216162199b28c13a410421893ffa2e32 -> 
  custom:video-decoder-ogg-theora: a1e56fd34408186e4bbccfd4996cb3dc -> 
  custom:container-muxer-webm: aa71ff27fc2769a1b78a27578f13a17b -> 
  custom:container-demuxer-webm: 4f35f7cbe854078d1ac9338744f61a02 -> 
  custom:container-demuxer-ogg: 62fdf1f143b41e24485cea50d1cbac27 -> 
  custom:video-encoder-webm-vp8: eb34c28f22e8b96e1ab97ce403110664 -> 
  custom:video-codec-MediaFoundation-h265: 746d11721c4dcdbdad8f713fa42b33f4 -> 
  custom:video-decoder-webm-vp8: 9c59270c3fd7afecdb556c50c9e8de78 -> 
  custom:audio-decoder-ogg-vorbis: bf7c407c2cedff20999df2af8eb42d56 -> 
  custom:audio-encoder-webm-vorbis: bf7c407c2cedff20999df2af8eb42d56 -> 
========================================================================
Received Import Request.
  path: Assets/Weapon box/Texture/Weapon box_Albedo.tga
  artifactKey: Guid(64508f0aeae791f40a0d3d443465db45) Importer(815301076,1909f56bfc062723c751e8b465ee728b)
Start importing Assets/Weapon box/Texture/Weapon box_Albedo.tga using Guid(64508f0aeae791f40a0d3d443465db45) Importer(815301076,1909f56bfc062723c751e8b465ee728b)  -> (artifact id: '0f6d19648e2bb36c41d470d7c47a78d1') in 0.320639 seconds 
  Import took 0.340493 seconds .

========================================================================
Received Import Request.
  Time since last request: 172.589638 seconds.
  path: Assets/vr.unity
  artifactKey: Guid(098d0b6b73860db47a9973e16a01c568) Importer(815301076,1909f56bfc062723c751e8b465ee728b)
Start importing Assets/vr.unity using Guid(098d0b6b73860db47a9973e16a01c568) Importer(815301076,1909f56bfc062723c751e8b465ee728b)  -> (artifact id: '5d7669e24e89211c700cf1a4f5458d22') in 0.018837 seconds 
  Import took 0.045938 seconds .

========================================================================
Received Import Request.
  Time since last request: 2.157015 seconds.
  path: Assets/move_plane.anim
  artifactKey: Guid(3381577a7a6f61f49a83de7d2d325cb4) Importer(815301076,1909f56bfc062723c751e8b465ee728b)
Start importing Assets/move_plane.anim using Guid(3381577a7a6f61f49a83de7d2d325cb4) Importer(815301076,1909f56bfc062723c751e8b465ee728b)  -> (artifact id: 'ce7df9d5d8f66e191da48d91b2582eb7') in 0.090510 seconds 
  Import took 0.123571 seconds .

========================================================================
Received Import Request.
  Time since last request: 9.373694 seconds.
  path: Assets/CrowArt - PBR Cardboard Box
  artifactKey: Guid(9ec3e20f32b37394987a55e69264eca9) Importer(815301076,1909f56bfc062723c751e8b465ee728b)
Start importing Assets/CrowArt - PBR Cardboard Box using Guid(9ec3e20f32b37394987a55e69264eca9) Importer(815301076,1909f56bfc062723c751e8b465ee728b)  -> (artifact id: 'caf60ae370a9bdc4f67bed2406bccb7d') in 0.054355 seconds 
  Import took 0.075595 seconds .

========================================================================
Received Import Request.
  Time since last request: 1.597700 seconds.
  path: Assets/CrowArt - PBR Cardboard Box/Prefabs
  artifactKey: Guid(6e0168ca103f94e4e8afa266dee42f82) Importer(815301076,1909f56bfc062723c751e8b465ee728b)
Start importing Assets/CrowArt - PBR Cardboard Box/Prefabs using Guid(6e0168ca103f94e4e8afa266dee42f82) Importer(815301076,1909f56bfc062723c751e8b465ee728b)  -> (artifact id: '4590b23df323b50a74baf6335a7e4a6d') in 0.034905 seconds 
  Import took 0.088866 seconds .

========================================================================
Received Import Request.
  Time since last request: 128.551738 seconds.
  path: Assets/CrowArt - PBR Cardboard Box/Prefabs/CarboardBox_1.prefab
  artifactKey: Guid(c350023b68bece943928351ad0df5c3a) Importer(815301076,1909f56bfc062723c751e8b465ee728b)
Start importing Assets/CrowArt - PBR Cardboard Box/Prefabs/CarboardBox_1.prefab using Guid(c350023b68bece943928351ad0df5c3a) Importer(815301076,1909f56bfc062723c751e8b465ee728b)  -> (artifact id: '89311549ecaad6e282b0cb6c92da4b6a') in 0.661589 seconds 
  Import took 0.680941 seconds .

