Using pre-set license
Built from '2020.3/staging' branch; Version is '2020.3.21f1 (a38c86f6690f) revision 10718342'; Using compiler version '192528614'; Build Type 'Release'
OS: 'Windows 10 Pro; OS build 19042.1288; Version 2009; 64bit' Language: 'ko' Physical Memory: 8109 MB
BatchMode: 1, IsHumanControllingUs: 0, StartBugReporterOnCrash: 0, Is64bit: 1, IsPro: 0

COMMAND LINE ARGUMENTS:
C:\Program Files\Unity\Hub\Editor\2020.3.21f1\Editor\Unity.exe
-adb2
-batchMode
-noUpm
-name
AssetImportWorker1
-projectPath
C:/Users/yhyel/OneDrive/바탕 화면/yanghyelin/unityproj
-logFile
Logs/AssetImportWorker1.log
-srvPort
14466
Successfully changed project path to: C:/Users/yhyel/OneDrive/바탕 화면/yanghyelin/unityproj
C:/Users/yhyel/OneDrive/바탕 화면/yanghyelin/unityproj
Using Asset Import Pipeline V2.
Refreshing native plugins compatible for Editor in 1572.77 ms, found 3 plugins.
Preloading 0 native plugins for Editor in 0.00 ms.
Initialize engine version: 2020.3.21f1 (a38c86f6690f)
[Subsystems] Discovering subsystems at path C:/Program Files/Unity/Hub/Editor/2020.3.21f1/Editor/Data/Resources/UnitySubsystems
[Subsystems] Discovering subsystems at path C:/Users/yhyel/OneDrive/바탕 화면/yanghyelin/unityproj/Assets
GfxDevice: creating device client; threaded=0
Direct3D:
    Version:  Direct3D 11.0 [level 11.1]
    Renderer: Intel(R) HD Graphics 620 (ID=0x5916)
    Vendor:   
    VRAM:     4054 MB
    Driver:   27.20.100.8682
Initialize mono
Mono path[0] = 'C:/Program Files/Unity/Hub/Editor/2020.3.21f1/Editor/Data/Managed'
Mono path[1] = 'C:/Program Files/Unity/Hub/Editor/2020.3.21f1/Editor/Data/MonoBleedingEdge/lib/mono/unityjit'
Mono config path = 'C:/Program Files/Unity/Hub/Editor/2020.3.21f1/Editor/Data/MonoBleedingEdge/etc'
Using monoOptions --debugger-agent=transport=dt_socket,embedding=1,server=y,suspend=n,address=127.0.0.1:56656
Begin MonoManager ReloadAssembly
Registering precompiled unity dll's ...
Register platform support module: C:/Program Files/Unity/Hub/Editor/2020.3.21f1/Editor/Data/PlaybackEngines/WindowsStandaloneSupport/UnityEditor.WindowsStandalone.Extensions.dll
Registered in 0.011968 seconds.
Native extension for WindowsStandalone target not found
Refreshing native plugins compatible for Editor in 287.32 ms, found 3 plugins.
Preloading 0 native plugins for Editor in 0.00 ms.
Mono: successfully reloaded assembly
- Completed reload, in  3.843 seconds
Domain Reload Profiling:
	ReloadAssembly (3844ms)
		BeginReloadAssembly (287ms)
			ExecutionOrderSort (0ms)
			DisableScriptedObjects (0ms)
			BackupInstance (0ms)
			ReleaseScriptingObjects (0ms)
			CreateAndSetChildDomain (2ms)
		EndReloadAssembly (1607ms)
			LoadAssemblies (273ms)
			RebuildTransferFunctionScriptingTraits (0ms)
			SetupTypeCache (544ms)
			ReleaseScriptCaches (0ms)
			RebuildScriptCaches (98ms)
			SetupLoadedEditorAssemblies (663ms)
				LogAssemblyErrors (0ms)
				InitializePlatformSupportModulesInManaged (10ms)
				SetLoadedEditorAssemblies (1ms)
				RefreshPlugins (288ms)
				BeforeProcessingInitializeOnLoad (36ms)
				ProcessInitializeOnLoadAttributes (242ms)
				ProcessInitializeOnLoadMethodAttributes (86ms)
				AfterProcessingInitializeOnLoad (0ms)
				EditorAssembliesLoaded (0ms)
			ExecutionOrderSort2 (0ms)
			AwakeInstancesAfterBackupRestoration (0ms)
Platform modules already initialized, skipping
Registering precompiled user dll's ...
Registered in 0.027793 seconds.
Begin MonoManager ReloadAssembly
Native extension for WindowsStandalone target not found
Refreshing native plugins compatible for Editor in 158.83 ms, found 3 plugins.
Preloading 0 native plugins for Editor in 0.00 ms.
Mono: successfully reloaded assembly
- Completed reload, in  2.347 seconds
Domain Reload Profiling:
	ReloadAssembly (2348ms)
		BeginReloadAssembly (292ms)
			ExecutionOrderSort (0ms)
			DisableScriptedObjects (6ms)
			BackupInstance (0ms)
			ReleaseScriptingObjects (0ms)
			CreateAndSetChildDomain (26ms)
		EndReloadAssembly (1935ms)
			LoadAssemblies (243ms)
			RebuildTransferFunctionScriptingTraits (0ms)
			SetupTypeCache (636ms)
			ReleaseScriptCaches (1ms)
			RebuildScriptCaches (80ms)
			SetupLoadedEditorAssemblies (825ms)
				LogAssemblyErrors (0ms)
				InitializePlatformSupportModulesInManaged (7ms)
				SetLoadedEditorAssemblies (0ms)
				RefreshPlugins (159ms)
				BeforeProcessingInitializeOnLoad (167ms)
				ProcessInitializeOnLoadAttributes (457ms)
				ProcessInitializeOnLoadMethodAttributes (8ms)
				AfterProcessingInitializeOnLoad (26ms)
				EditorAssembliesLoaded (0ms)
			ExecutionOrderSort2 (0ms)
			AwakeInstancesAfterBackupRestoration (10ms)
Platform modules already initialized, skipping
========================================================================
Worker process is ready to serve import requests
Launched and connected shader compiler UnityShaderCompiler.exe after 0.18 seconds
Refreshing native plugins compatible for Editor in 0.97 ms, found 3 plugins.
Preloading 0 native plugins for Editor in 0.00 ms.
Unloading 3378 Unused Serialized files (Serialized files now loaded: 0)
System memory in use before: 128.7 MB.
System memory in use after: 128.6 MB.

Unloading 24 unused Assets to reduce memory usage. Loaded Objects now: 3816.
Total: 6.627500 ms (FindLiveObjects: 0.669900 ms CreateObjectMapping: 0.319700 ms MarkObjects: 5.175500 ms  DeleteObjects: 0.460700 ms)

AssetImportParameters requested are different than current active one (requested -> active):
  custom:framework-win-MediaFoundation: 216162199b28c13a410421893ffa2e32 -> 
  custom:video-decoder-ogg-theora: a1e56fd34408186e4bbccfd4996cb3dc -> 
  custom:container-muxer-webm: aa71ff27fc2769a1b78a27578f13a17b -> 
  custom:container-demuxer-webm: 4f35f7cbe854078d1ac9338744f61a02 -> 
  custom:container-demuxer-ogg: 62fdf1f143b41e24485cea50d1cbac27 -> 
  custom:video-encoder-webm-vp8: eb34c28f22e8b96e1ab97ce403110664 -> 
  custom:video-codec-MediaFoundation-h265: 746d11721c4dcdbdad8f713fa42b33f4 -> 
  custom:video-decoder-webm-vp8: 9c59270c3fd7afecdb556c50c9e8de78 -> 
  custom:audio-decoder-ogg-vorbis: bf7c407c2cedff20999df2af8eb42d56 -> 
  custom:audio-encoder-webm-vorbis: bf7c407c2cedff20999df2af8eb42d56 -> 
========================================================================
Received Import Request.
  path: Assets/Standard Assets/Environment/TerrainAssets/SurfaceTextures
  artifactKey: Guid(4f9d71771b07cb6438e0d35b038b43a7) Importer(815301076,1909f56bfc062723c751e8b465ee728b)
Start importing Assets/Standard Assets/Environment/TerrainAssets/SurfaceTextures using Guid(4f9d71771b07cb6438e0d35b038b43a7) Importer(815301076,1909f56bfc062723c751e8b465ee728b)  -> (artifact id: 'c9658dd3c13ec40bf724f0a4974a31c0') in 0.016127 seconds 
  Import took 0.025732 seconds .

========================================================================
Received Import Request.
  Time since last request: 0.000322 seconds.
  path: Assets/Standard Assets/Environment
  artifactKey: Guid(6ca8c4e270f964e0da9f731d7d34b123) Importer(815301076,1909f56bfc062723c751e8b465ee728b)
Start importing Assets/Standard Assets/Environment using Guid(6ca8c4e270f964e0da9f731d7d34b123) Importer(815301076,1909f56bfc062723c751e8b465ee728b)  -> (artifact id: '44de2c96d9c77c136061e3dedd61c662') in 0.028717 seconds 
  Import took 0.054224 seconds .

========================================================================
Received Import Request.
  Time since last request: 0.000423 seconds.
  path: Assets/Standard Assets/Environment/TerrainAssets
  artifactKey: Guid(7e6f84bf81c8d4de280f1133cff7e601) Importer(815301076,1909f56bfc062723c751e8b465ee728b)
Start importing Assets/Standard Assets/Environment/TerrainAssets using Guid(7e6f84bf81c8d4de280f1133cff7e601) Importer(815301076,1909f56bfc062723c751e8b465ee728b)  -> (artifact id: 'cec3746ee4f533211ea6f80b35f70c09') in 0.028357 seconds 
  Import took 0.052548 seconds .

========================================================================
Received Import Request.
  Time since last request: 0.000397 seconds.
  path: Assets/AurynSky/Gems Ultimate Pack/Prefabs
  artifactKey: Guid(ea08d9dc514a72c4182e8436320c8ced) Importer(815301076,1909f56bfc062723c751e8b465ee728b)
Start importing Assets/AurynSky/Gems Ultimate Pack/Prefabs using Guid(ea08d9dc514a72c4182e8436320c8ced) Importer(815301076,1909f56bfc062723c751e8b465ee728b)  -> (artifact id: '67729d5afceba9ca2b30a5a1be5390fb') in 0.016231 seconds 
  Import took 0.043023 seconds .

========================================================================
Received Import Request.
  Time since last request: 0.000463 seconds.
  path: Assets/AurynSky/Gems Ultimate Pack
  artifactKey: Guid(d6cb013ee59a0d64da17b177d977bffd) Importer(815301076,1909f56bfc062723c751e8b465ee728b)
Start importing Assets/AurynSky/Gems Ultimate Pack using Guid(d6cb013ee59a0d64da17b177d977bffd) Importer(815301076,1909f56bfc062723c751e8b465ee728b)  -> (artifact id: 'bdb642980f132a2a335efafa5ef22077') in 0.036760 seconds 
  Import took 0.059363 seconds .

========================================================================
Received Import Request.
  Time since last request: 75.071271 seconds.
  path: Assets/Standard Assets/ParticleSystems
  artifactKey: Guid(d7ea5a218770df14895b81e3602e420f) Importer(815301076,1909f56bfc062723c751e8b465ee728b)
Start importing Assets/Standard Assets/ParticleSystems using Guid(d7ea5a218770df14895b81e3602e420f) Importer(815301076,1909f56bfc062723c751e8b465ee728b)  -> (artifact id: '69793abc295eb88ecd475d7fa8177fb4') in 0.088052 seconds 
  Import took 0.129948 seconds .

========================================================================
Received Import Request.
  Time since last request: 1.590002 seconds.
  path: Assets/Standard Assets/ParticleSystems/Prefabs
  artifactKey: Guid(8dcf1a8fa2719c64ba0e791b7144999c) Importer(815301076,1909f56bfc062723c751e8b465ee728b)
Start importing Assets/Standard Assets/ParticleSystems/Prefabs using Guid(8dcf1a8fa2719c64ba0e791b7144999c) Importer(815301076,1909f56bfc062723c751e8b465ee728b)  -> (artifact id: '2e4db2ecf2ec84008daf5f9f602bc4ba') in 0.040743 seconds 
  Import took 0.088412 seconds .

========================================================================
Received Import Request.
  Time since last request: 2.768817 seconds.
  path: Assets/Standard Assets/ParticleSystems/Materials/ParticleDuststorm.mat
  artifactKey: Guid(7911795df27dd464190eed77dda90191) Importer(815301076,1909f56bfc062723c751e8b465ee728b)
Start importing Assets/Standard Assets/ParticleSystems/Materials/ParticleDuststorm.mat using Guid(7911795df27dd464190eed77dda90191) Importer(815301076,1909f56bfc062723c751e8b465ee728b)  -> (artifact id: 'bce02e4a29ac1eb10d75dd7ea8038422') in 64.529062 seconds 
  Import took 64.583504 seconds .

========================================================================
Received Import Request.
  Time since last request: 0.000473 seconds.
  path: Assets/Standard Assets/ParticleSystems/Materials/ParticleDuststorm.mat
  artifactKey: Guid(7911795df27dd464190eed77dda90191) Importer(815301076,1909f56bfc062723c751e8b465ee728b)
Start importing Assets/Standard Assets/ParticleSystems/Materials/ParticleDuststorm.mat using Guid(7911795df27dd464190eed77dda90191) Importer(815301076,1909f56bfc062723c751e8b465ee728b)  -> (artifact id: 'bce02e4a29ac1eb10d75dd7ea8038422') in 2.765481 seconds 
  Import took 2.845738 seconds .

========================================================================
Received Import Request.
  Time since last request: 112.737281 seconds.
  path: Assets/AurynSky/Gems Ultimate Pack/Materials
  artifactKey: Guid(bde12267b5e55de4997ed6dffcbfc87e) Importer(815301076,1909f56bfc062723c751e8b465ee728b)
Start importing Assets/AurynSky/Gems Ultimate Pack/Materials using Guid(bde12267b5e55de4997ed6dffcbfc87e) Importer(815301076,1909f56bfc062723c751e8b465ee728b)  -> (artifact id: 'a7fb733c4cedc08baa2bd3cf3776e70a') in 9.511014 seconds 
  Import took 14.254107 seconds .

========================================================================
Received Import Request.
  Time since last request: 119.877389 seconds.
  path: Assets/AurynSky/Gems Ultimate Pack/Prefabs/BeveledStar.prefab
  artifactKey: Guid(f5c872ee906a85b46aa65e0ab683ed9f) Importer(815301076,1909f56bfc062723c751e8b465ee728b)
Start importing Assets/AurynSky/Gems Ultimate Pack/Prefabs/BeveledStar.prefab using Guid(f5c872ee906a85b46aa65e0ab683ed9f) Importer(815301076,1909f56bfc062723c751e8b465ee728b)  -> (artifact id: '02fc0d7090eaac6f684eba592c48f366') in 0.595558 seconds 
  Import took 0.613834 seconds .

========================================================================
Received Import Request.
  Time since last request: 537.463591 seconds.
  path: Assets/CityVoxelPack/Assets
  artifactKey: Guid(9257627ae19bfb04395c68c2e6c804ef) Importer(815301076,1909f56bfc062723c751e8b465ee728b)
Start importing Assets/CityVoxelPack/Assets using Guid(9257627ae19bfb04395c68c2e6c804ef) Importer(815301076,1909f56bfc062723c751e8b465ee728b)  -> (artifact id: '7dadbf4eca5fe32425e6537b3451fc9e') in 0.052726 seconds 
  Import took 0.074259 seconds .

========================================================================
Received Import Request.
  Time since last request: 1.116774 seconds.
  path: Assets/CityVoxelPack/Assets/buildings
  artifactKey: Guid(d82d0ad497eebc8439e3e1c64666320a) Importer(815301076,1909f56bfc062723c751e8b465ee728b)
Start importing Assets/CityVoxelPack/Assets/buildings using Guid(d82d0ad497eebc8439e3e1c64666320a) Importer(815301076,1909f56bfc062723c751e8b465ee728b)  -> (artifact id: '7e34765c75ab3240f6f08346461d0337') in 0.137269 seconds 
  Import took 0.228385 seconds .

========================================================================
Received Import Request.
  Time since last request: 1.322205 seconds.
  path: Assets/CityVoxelPack/Assets/buildings/medium
  artifactKey: Guid(4c9d57eef207fc64a95c31d08295f550) Importer(815301076,1909f56bfc062723c751e8b465ee728b)
Start importing Assets/CityVoxelPack/Assets/buildings/medium using Guid(4c9d57eef207fc64a95c31d08295f550) Importer(815301076,1909f56bfc062723c751e8b465ee728b)  -> (artifact id: 'fb8c65c5b67b668bba77da1d324ca89a') in 0.162895 seconds 
  Import took 0.197986 seconds .

========================================================================
Received Import Request.
  Time since last request: 2.328307 seconds.
  path: Assets/CityVoxelPack/Assets/buildings/medium/Prefabs
  artifactKey: Guid(d8f23c30305125a43bd2ba0972628e1e) Importer(815301076,1909f56bfc062723c751e8b465ee728b)
Start importing Assets/CityVoxelPack/Assets/buildings/medium/Prefabs using Guid(d8f23c30305125a43bd2ba0972628e1e) Importer(815301076,1909f56bfc062723c751e8b465ee728b)  -> (artifact id: '2e0dd65749d37d438f3090647fdd5abf') in 0.060687 seconds 
  Import took 0.178285 seconds .

========================================================================
Received Import Request.
  Time since last request: 391.664382 seconds.
  path: Assets/CityVoxelPack/Assets/buildings/medium/Textures/building1.png
  artifactKey: Guid(fd2bf4e7592e0d54e856b6bfae4555e4) Importer(815301076,1909f56bfc062723c751e8b465ee728b)
Start importing Assets/CityVoxelPack/Assets/buildings/medium/Textures/building1.png using Guid(fd2bf4e7592e0d54e856b6bfae4555e4) Importer(815301076,1909f56bfc062723c751e8b465ee728b)  -> (artifact id: 'f917a13d85ba3fda2243ec6e7dd6861c') in 0.081184 seconds 
  Import took 0.095115 seconds .

========================================================================
Received Import Request.
  Time since last request: 30.074373 seconds.
  path: Assets/AurynSky/Gems Ultimate Pack/Scripts
  artifactKey: Guid(312e227292ca3a2438c1eb6bb6b3213f) Importer(815301076,1909f56bfc062723c751e8b465ee728b)
Start importing Assets/AurynSky/Gems Ultimate Pack/Scripts using Guid(312e227292ca3a2438c1eb6bb6b3213f) Importer(815301076,1909f56bfc062723c751e8b465ee728b)  -> (artifact id: '9dc44a555e9daa5a3d48b2fecb0129be') in 0.018092 seconds 
  Import took 0.033559 seconds .

========================================================================
Received Import Request.
  Time since last request: 16.129907 seconds.
  path: Assets/AurynSky/Gems Ultimate Pack/Scripts/AnimationScript.cs
  artifactKey: Guid(9ff967b7ed48f2441bcf509edf6b889a) Importer(815301076,1909f56bfc062723c751e8b465ee728b)
Start importing Assets/AurynSky/Gems Ultimate Pack/Scripts/AnimationScript.cs using Guid(9ff967b7ed48f2441bcf509edf6b889a) Importer(815301076,1909f56bfc062723c751e8b465ee728b)  -> (artifact id: '3ef5f12e6a334342467e4d99a146fbae') in 0.023380 seconds 
  Import took 0.033844 seconds .

AssetImportWorkerClient::OnTransportError - code=2 error=End of file
